make all --print-data-base --no-builtin-variables --no-builtin-rules --question
# GNU Make 3.82
# Built for x86_64-koji-linux-gnu
# Copyright (C) 2010  Free Software Foundation, Inc.
# License GPLv3+: GNU GPL version 3 or later <http://gnu.org/licenses/gpl.html>
# This is free software: you are free to change and redistribute it.
# There is NO WARRANTY, to the extent permitted by law.

# Make data base, printed on Sun Aug 21 13:01:36 2022

# Variables

# automatic
<D = $(patsubst %/,%,$(dir $<))
# automatic
?F = $(notdir $?)
# environment
DESKTOP_SESSION = mate
# default
.SHELLFLAGS := -c
# makefile (from `Makefile', line 8)
AWSUSER := AWS
# environment
NVM_INC = /home/jimmyrousseau/.nvm/versions/node/v16.13.0/include/node
# automatic
?D = $(patsubst %/,%,$(dir $?))
# automatic
@D = $(patsubst %/,%,$(dir $@))
# environment
XAUTHORITY = /home/jimmyrousseau/.Xauthority
# automatic
@F = $(notdir $@)
# environment
XMODIFIERS = @im=none
# makefile
CURDIR := /home/jimmyrousseau/Projects/nextjs-shakra
# makefile
SHELL = /bin/sh
# environment
VSCODE_NLS_CONFIG = {"locale":"en-us","availableLanguages":{},"_languagePackSupport":true}
# environment
_ = /usr/bin/make
# environment
QT_AUTO_SCREEN_SCALE_FACTOR = 0
# environment
GOOGLE_APPLICATION_CREDENTIALS = /home/jimmyrousseau/Downloads/houseofmedsmvp-776afcf8838c.json
# environment
WALLABY_PRODUCTION = true
# makefile (from `Makefile', line 1)
MAKEFILE_LIST :=  Makefile
# environment
GIO_LAUNCHED_DESKTOP_FILE = /usr/share/applications/code.desktop
# environment
SESSIONTYPE = mate
# environment
XDG_DATA_DIRS = /home/jimmyrousseau/.local/share/flatpak/exports/share:/var/lib/flatpak/exports/share:/usr/local/share:/usr/share
# environment
DBUS_SESSION_BUS_ADDRESS = unix:abstract=/tmp/dbus-10ARsO5Gzi,guid=86b6541cc761d4bee79911a8630264d0
# environment
QT_SCALE_FACTOR = 1
# environment
INFOPATH = /home/linuxbrew/.linuxbrew/share/info:/home/linuxbrew/.linuxbrew/share/info:
# environment
LESSOPEN = ||/usr/bin/lesspipe.sh %s
# environment
MAIL = /var/spool/mail/DIRECTORY\jimmyrousseau
# environment
VSCODE_CWD = /home/jimmyrousseau
# environment
HISTCONTROL = ignoredups
# environment
PATH = /home/linuxbrew/.linuxbrew/bin:/home/linuxbrew/.linuxbrew/sbin:/home/jimmyrousseau/.pyenv/shims:/home/linuxbrew/.linuxbrew/bin:/home/linuxbrew/.linuxbrew/sbin:/home/jimmyrousseau/.pyenv/bin:/home/jimmyrousseau/.nvm/versions/node/v16.13.0/bin:/usr/local/bin:/usr/bin:/bin:/sbin:/usr/local/sbin:/usr/sbin:/home/jimmyrousseau/.fzf/bin:/home/jimmyrousseau/.local/bin:/home/jimmyrousseau/bin:/home/jimmyrousseau/.local/bin:/home/jimmyrousseau/bin
# environment
SESSION_MANAGER = local/unix:@/tmp/.ICE-unix/6357,unix/unix:/tmp/.ICE-unix/6357
# environment
XDG_RUNTIME_DIR = /run/user/66645
# makefile (from `Makefile', line 2)
CLUSTER := prod-houseofmeds
# makefile (from `Makefile', line 14)
COMMITTAG := 0.0.1
# environment
NVM_BIN = /home/jimmyrousseau/.nvm/versions/node/v16.13.0/bin
# environment
ELECTRON_RUN_AS_NODE = 1
# environment
PYENV_ROOT = /home/jimmyrousseau/.pyenv
# makefile (from `Makefile', line 4)
TASKDEF := prod-houseofmeds-web-td
# default
.FEATURES := target-specific order-only second-expansion else-if shortest-stem undefine oneshell archives jobserver check-symlink
# environment
SSH_AUTH_SOCK = /run/user/66645/keyring/ssh
# environment
GIO_LAUNCHED_DESKTOP_FILE_PID = 7789
# automatic
%F = $(notdir $%)
# environment
DISPLAY = :100
# environment
GTK_IM_MODULE = gtk-im-context-simple
# environment
IMSETTINGS_INTEGRATE_DESKTOP = yes
# makefile (from `Makefile', line 18)
LATEST := houseofmeds-web-repo:latest
# environment
PWD = /home/jimmyrousseau/Projects/nextjs-shakra
# environment
HOMEBREW_CELLAR = /home/linuxbrew/.linuxbrew/Cellar
# environment
XDG_SEAT = seat0
# environment
SSH_AGENT_PID = 6843
# environment
ORIGINAL_XDG_CURRENT_DESKTOP = MATE
# environment
MANPATH = /home/linuxbrew/.linuxbrew/share/man:/home/jimmyrousseau/.nvm/versions/node/v16.13.0/share/man:/home/linuxbrew/.linuxbrew/share/man::
# environment
VSCODE_AMD_ENTRYPOINT = vs/workbench/api/node/extensionHostProcess
# environment
PYENV_SHELL = bash
# environment
HOME = /home/jimmyrousseau
# makefile (from `Makefile', line 9)
NODEENV := dev 
# makefile (from `Makefile', line 11)
LOCALPORT := 3000
# environment
VSCODE_CODE_CACHE_PATH = /home/jimmyrousseau/.config/Code/CachedData/e4503b30fc78200f846c62cf8091b76ff5547662
# environment
LOGNAME = DIRECTORY\jimmyrousseau
# environment
APPLICATION_INSIGHTS_NO_DIAGNOSTIC_CHANNEL = true
# environment
NVM_CD_FLAGS = 
# makefile (from `Makefile', line 20)
MOUNTDEV := type=bind,source=/home/jimmyrousseau/Projects/nextjs-shakra,target=/app/
# environment
VSCODE_HANDLES_UNCAUGHT_ERRORS = true
# default
MAKE_VERSION := 3.82
# automatic
^D = $(patsubst %/,%,$(dir $^))
# environment
HOSTNAME = a-30tn6phl6jkkn
# environment
XDG_VTNR = 7
# environment
MAKELEVEL := 0
# default
MAKE = $(MAKE_COMMAND)
# default
MAKECMDGOALS := all
# environment
QT_IM_MODULE = xim
# environment
GTK_OVERLAY_SCROLLING = 0
# environment
SHLVL = 3
# environment
XDG_SESSION_ID = 85
# environment
USER = DIRECTORY\jimmyrousseau
# makefile
.DEFAULT_GOAL := build
# environment
XDG_CURRENT_DESKTOP = MATE
# makefile (from `Makefile', line 1)
NAME := houseofmeds-web-repo
# automatic
%D = $(patsubst %/,%,$(dir $%))
# default
MAKE_COMMAND := make
# makefile (from `Makefile', line 15)
VERSIONTAG := 0.0.1
# default
.VARIABLES := 
# environment
IMSETTINGS_MODULE = none
# automatic
*F = $(notdir $*)
# makefile (from `Makefile', line 17)
IMG := houseofmeds-web-repo:0.0.1
# environment
VSCODE_IPC_HOOK = /run/user/66645/vscode-3353d191-1.70.2-main.sock
# makefile (from `Makefile', line 7)
REPO := houseofmeds-web-repo
# makefile
MAKEFLAGS = Rrqp
# makefile (from `Makefile', line 3)
SERVICE := prod-houseofmeds-web-srv
# environment
MFLAGS = -Rrqp
# automatic
*D = $(patsubst %/,%,$(dir $*))
# environment
NVM_DIR = /home/jimmyrousseau/.nvm
# environment
HOMEBREW_PREFIX = /home/linuxbrew/.linuxbrew
# automatic
+D = $(patsubst %/,%,$(dir $+))
# environment
GDK_BACKEND = x11
# automatic
+F = $(notdir $+)
# environment
NO_AT_BRIDGE = 1
# makefile (from `Makefile', line 5)
REGION := us-west-2
# makefile (from `Makefile', line 6)
ECRURI := 808420177100.dkr.ecr.us-west-2.amazonaws.com
# makefile (from `Makefile', line 19)
MOUNT := type=bind,source=$$HOME/.aws/,target=/root/.aws/
# environment
HOMEBREW_REPOSITORY = /home/linuxbrew/.linuxbrew/Homebrew
# default
MAKEFILES := 
# automatic
<F = $(notdir $<)
# environment
LC_ALL = C
# automatic
^F = $(notdir $^)
# makefile (from `Makefile', line 10)
APPPORT := 3000
# default
SUFFIXES := 
# environment
HISTSIZE = 1000
# environment
CHROME_DESKTOP = code-url-handler.desktop
# environment
MATE_DESKTOP_SESSION_ID = this-is-deprecated
# default
.INCLUDE_DIRS = /usr/include /usr/local/include /usr/include
# default
.RECIPEPREFIX := 
# environment
LANG = C
# environment
TERM = dumb
# environment
VSCODE_PID = 7789
# variable set hash-table stats:
# Load=115/1024=11%, Rehash=0, Collisions=13/141=9%

# Pattern-specific Variable Values

# No pattern-specific variable values.

# Directories

# . (device 66305, inode 2371196): 33 files, no impossibilities.

# 33 files, no impossibilities in 1 directories.

# Implicit Rules

# No implicit rules.

# Files

stoplocal:
#  Implicit rule search has not been done.
#  Modification time never checked.
#  File has not been updated.
#  recipe to execute (from `Makefile', line 46):
	docker stop ${NAME}

runlocal2:
#  Implicit rule search has not been done.
#  Modification time never checked.
#  File has not been updated.
#  recipe to execute (from `Makefile', line 30):
	docker run -it -d --cpuset-cpus="1" --cpus="0.25" --memory="512m" -p ${LOCALPORT}:${APPPORT} --name ${NAME} -e PORT=${APPPORT} -e NODE_ENV=${NODEENV} --mount ${MOUNT} --mount ${MOUNTDEV} ${LATEST}

# Not a target:
all:
#  Command line target.
#  Implicit rule search has been done.
 
make: *** No rule to make target `all'.  Stop.

#  File does not exist.
#  File has not been updated.

# Not a target:
.SUFFIXES:
#  Implicit rule search has not been done.
#  Modification time never checked.
#  File has not been updated.

push:
#  Implicit rule search has not been done.
#  Modification time never checked.
#  File has not been updated.
#  recipe to execute (from `Makefile', line 33):
	aws ecr get-login-password --region ${REGION} | docker login --username ${AWSUSER} --password-stdin ${ECRURI}
	docker tag ${LATEST} ${ECRURI}/${LATEST}
	docker tag ${LATEST} ${ECRURI}/${IMG}
	docker push ${ECRURI}/${IMG}
	docker push ${ECRURI}/${LATEST}
	

# Not a target:
Makefile:
#  Implicit rule search has been done.
#  Last modified 2022-06-01 17:51:45.582238632
#  File has been updated.
#  Successfully updated.

build:
#  Implicit rule search has not been done.
#  Modification time never checked.
#  File has not been updated.
#  recipe to execute (from `Makefile', line 23):
	docker build --cpuset-cpus="1" --memory="1g" -t ${IMG} .
	docker tag ${IMG} ${LATEST}

login:
#  Implicit rule search has not been done.
#  Modification time never checked.
#  File has not been updated.
#  recipe to execute (from `Makefile', line 43):
	aws ecr get-login-password --region ${REGION} | docker login --username ${AWSUSER} --password-stdin ${ECRURI}

# Not a target:
.DEFAULT:
#  Implicit rule search has not been done.
#  Modification time never checked.
#  File has not been updated.

publish:
#  Implicit rule search has not been done.
#  Modification time never checked.
#  File has not been updated.
#  recipe to execute (from `Makefile', line 40):
	aws ecs update-service --force-new-deployment --cluster ${CLUSTER} --service ${SERVICE} --task-definition ${TASKDEF}

runlocal:
#  Implicit rule search has not been done.
#  Modification time never checked.
#  File has not been updated.
#  recipe to execute (from `Makefile', line 27):
	docker run -it  --cpuset-cpus="1" --cpus="0.25" --memory="512m" -p ${LOCALPORT}:${APPPORT} --name ${NAME} -e PORT=${APPPORT} -e NODE_ENV=${NODEENV} --mount ${MOUNT} ${LATEST}

cleanlocal:
#  Implicit rule search has not been done.
#  Modification time never checked.
#  File has not been updated.
#  recipe to execute (from `Makefile', line 49):
	docker rmi ${IMG}
	docker rmi ${LATEST}

# files hash-table stats:
# Load=12/1024=1%, Rehash=0, Collisions=0/22=0%
# VPATH Search Paths

# No `vpath' search paths.

# No general (`VPATH' variable) search path.

# # of strings in strcache: 0 / lookups = 58 / hits = 58
# # of strcache buffers: 1 (* 8176 B/buffer = 8176 B)
# strcache used: total = 0 (482) / max = 0 / min = 8176 / avg = 0
# strcache free: total = 0 (7694) / max = 0 / min = 8176 / avg = 0

# strcache hash-table stats:
# Load=46/8192=1%, Rehash=0, Collisions=1/58=2%
# Finished Make data base on Sun Aug 21 13:01:36 2022

 
